<?xml version="1.0" encoding="UTF-8"?>
<!-- Generated by org.testng.reporters.JUnitXMLReporter -->
<testsuite ignored="6" hostname="HF1B042" failures="0" tests="1" name="signup" time="22.486" errors="0" timestamp="2021-07-07T13:39:39 IST">
  <testcase classname="tests.Test_1" name="signup" time="6.314"/>
  <testcase classname="tests.Test_1" name="ClosePopup" time="0.0">
    <ignored/>
  </testcase> <!-- ClosePopup -->
  <testcase classname="tests.Test_1" name="getPrices" time="0.0">
    <ignored/>
  </testcase> <!-- getPrices -->
  <testcase classname="tests.Test_1" name="SearchProduct" time="0.0">
    <ignored/>
  </testcase> <!-- SearchProduct -->
  <testcase classname="tests.Test_1" name="lowestPrice" time="0.0">
    <ignored/>
  </testcase> <!-- lowestPrice -->
  <testcase classname="tests.Test_1" name="setDefaultLanguage" time="0.0">
    <ignored/>
  </testcase> <!-- setDefaultLanguage -->
  <testcase classname="tests.Test_1" name="changeLanguage" time="0.0">
    <ignored/>
  </testcase> <!-- changeLanguage -->
</testsuite> <!-- signup -->
