<?xml version="1.0" encoding="UTF-8"?>
<!-- Generated by org.testng.reporters.JUnitXMLReporter -->
<testsuite ignored="0" hostname="HF1B042" failures="0" tests="3" name="Search Product" time="10.353" errors="0" timestamp="2021-08-05T12:26:52 IST">
  <testcase classname="AamazonMaven.Amazon_Maven.SearchProduct" name="searchProduct" time="9.51"/>
  <testcase classname="AamazonMaven.Amazon_Maven.SearchProduct" name="getPrice" time="0.83"/>
  <testcase classname="AamazonMaven.Amazon_Maven.SearchProduct" name="minPrice" time="0.002"/>
</testsuite> <!-- Search Product -->
