<?xml version="1.0" encoding="UTF-8"?>
<testsuite xmlns:xsi="http://www.w3.org/2001/XMLSchema-instance" xsi:noNamespaceSchemaLocation="https://maven.apache.org/surefire/maven-surefire-plugin/xsd/surefire-test-report-3.0.xsd" version="3.0" name="TestSuite" time="50.5" tests="5" errors="0" skipped="0" failures="2">
  <properties>
[...]
</properties>
  <testcase name="signup" classname="AamazonMaven.Amazon_Maven.homePage" time="10.489">
    <system-out><![CDATA[
]]></system-out>
    <system-err><![CDATA[Starting ChromeDriver 91.0.4472.101 (af52a90bf87030dd1523486a1cd3ae25c5d76c9b-refs/branch-heads/4472@{#1462}) on port 35049
Only local connections are allowed.
Please see https://chromedriver.chromium.org/security-considerations for suggestions on keeping ChromeDriver safe.
ChromeDriver was started successfully.
Jul 22, 2021 11:47:49 AM org.openqa.selenium.remote.ProtocolHandshake createSession
INFO: Detected dialect: W3C
Starting ChromeDriver 91.0.4472.101 (af52a90bf87030dd1523486a1cd3ae25c5d76c9b-refs/branch-heads/4472@{#1462}) on port 42566
Only local connections are allowed.
Please see https://chromedriver.chromium.org/security-considerations for suggestions on keeping ChromeDriver safe.
ChromeDriver was started successfully.
Jul 22, 2021 11:47:52 AM org.openqa.selenium.remote.ProtocolHandshake createSession
INFO: Detected dialect: W3C
Starting ChromeDriver 91.0.4472.101 (af52a90bf87030dd1523486a1cd3ae25c5d76c9b-refs/branch-heads/4472@{#1462}) on port 11975
Only local connections are allowed.
Please see https://chromedriver.chromium.org/security-considerations for suggestions on keeping ChromeDriver safe.
ChromeDriver was started successfully.
Jul 22, 2021 11:47:54 AM org.openqa.selenium.remote.ProtocolHandshake createSession
INFO: Detected dialect: W3C
]]></system-err>
  </testcase>
  <testcase name="changeLanguage" classname="AamazonMaven.Amazon_Maven.LanguageTest" time="10.248"/>
  <testcase name="search" classname="AamazonMaven.Amazon_Maven.search_product" time="9.363"/>
  <testcase name="getPrice" classname="AamazonMaven.Amazon_Maven.search_product" time="1.209">
    <failure message="For input string: &quot;1,299&quot;" type="java.lang.NumberFormatException"><![CDATA[java.lang.NumberFormatException: For input string: "1,299"
	at AamazonMaven.Amazon_Maven.search_product.getPrice(search_product.java:37)
]]></failure>
  </testcase>
  <testcase name="minPrice" classname="AamazonMaven.Amazon_Maven.search_product" time="0.001">
    <failure message="Cannot invoke &quot;java.util.Collection.iterator()&quot; because &quot;coll&quot; is null" type="java.lang.NullPointerException"><![CDATA[java.lang.NullPointerException: Cannot invoke "java.util.Collection.iterator()" because "coll" is null
	at AamazonMaven.Amazon_Maven.search_product.minPrice(search_product.java:44)
]]></failure>
  </testcase>
</testsuite>