<?xml version="1.0" encoding="UTF-8"?>
<!-- Generated by org.testng.reporters.JUnitXMLReporter -->
<testsuite ignored="0" hostname="HF1B042" failures="0" tests="7" name="Default test" time="45.974" errors="0" timestamp="2021-07-07T16:25:46 IST">
  <testcase classname="tests.Test_1" name="ClosePopup" time="0.339"/>
  <testcase classname="tests.Test_1" name="SearchProduct" time="6.315"/>
  <testcase classname="tests.Test_1" name="getPrices" time="0.982"/>
  <testcase classname="tests.Test_1" name="lowestPrice" time="0.002"/>
  <testcase classname="tests.Test_1" name="changeLanguage" time="9.018"/>
  <testcase classname="tests.Test_1" name="setDefaultLanguage" time="7.657"/>
  <testcase classname="tests.Test_1" name="signup" time="5.044"/>
</testsuite> <!-- Default test -->
