<?xml version="1.0" encoding="UTF-8"?>
<!-- Generated by org.testng.reporters.JUnitXMLReporter -->
<testsuite ignored="0" hostname="HF1B042" failures="0" tests="3" name="Search Product" time="33.151" errors="0" timestamp="2021-07-30T13:56:32 IST">
  <testcase classname="AamazonMaven.Amazon_Maven.SearchProduct" name="searchProduct" time="20.484"/>
  <testcase classname="AamazonMaven.Amazon_Maven.SearchProduct" name="getPrice" time="1.248"/>
  <testcase classname="AamazonMaven.Amazon_Maven.SearchProduct" name="minPrice" time="0.002"/>
</testsuite> <!-- Search Product -->
