<?xml version="1.0" encoding="UTF-8"?>
<!-- Generated by org.testng.reporters.JUnitXMLReporter -->
<testsuite ignored="0" hostname="HF1B042" failures="0" tests="5" name="Test" time="49.45" errors="0" timestamp="2021-07-14T10:29:28 IST">
  <testcase classname="AamazonMaven.Amazon_Maven.homePage" name="signup" time="9.906"/>
  <testcase classname="AamazonMaven.Amazon_Maven.search_product" name="search" time="13.077"/>
  <testcase classname="AamazonMaven.Amazon_Maven.search_product" name="getPrice" time="1.276"/>
  <testcase classname="AamazonMaven.Amazon_Maven.search_product" name="minPrice" time="0.002"/>
  <testcase classname="AamazonMaven.Amazon_Maven.LanguageTest" name="changeLanguage" time="10.078"/>
</testsuite> <!-- Test -->
