<?xml version="1.0" encoding="UTF-8"?>
<!-- Generated by org.testng.reporters.JUnitXMLReporter -->
<testsuite hostname="HF1B042" failures="2" tests="5" name="AllTests" time="46.762" errors="0" timestamp="22 Jul 2021 06:18:33 GMT">
  <testcase classname="AamazonMaven.Amazon_Maven.homePage" name="signup" time="10.648"/>
  <testcase classname="AamazonMaven.Amazon_Maven.LanguageTest" name="changeLanguage" time="10.259"/>
  <testcase classname="AamazonMaven.Amazon_Maven.search_product" name="search" time="9.364"/>
  <testcase classname="AamazonMaven.Amazon_Maven.search_product" name="getPrice" time="1.201">
    <failure type="java.lang.NumberFormatException" message="For input string: &amp;quot;1,299&amp;quot;">
      <![CDATA[java.lang.NumberFormatException: For input string: "1,299"
	at java.base/java.lang.NumberFormatException.forInputString(NumberFormatException.java:67)
	at java.base/java.lang.Integer.parseInt(Integer.java:660)
	at java.base/java.lang.Integer.parseInt(Integer.java:778)
	at AamazonMaven.Amazon_Maven.Products.get_price(Products.java:55)
	at AamazonMaven.Amazon_Maven.search_product.getPrice(search_product.java:37)
... Removed 28 stack frames]]>
    </failure>
  </testcase> <!-- getPrice -->
  <testcase classname="AamazonMaven.Amazon_Maven.search_product" name="minPrice" time="0.0">
    <failure type="java.lang.NullPointerException" message="Cannot invoke &amp;quot;java.util.Collection.iterator()&amp;quot; because &amp;quot;coll&amp;quot; is null">
      <![CDATA[java.lang.NullPointerException: Cannot invoke "java.util.Collection.iterator()" because "coll" is null
	at java.base/java.util.Collections.min(Collections.java:600)
	at AamazonMaven.Amazon_Maven.Products.min_price(Products.java:65)
	at AamazonMaven.Amazon_Maven.search_product.minPrice(search_product.java:44)
... Removed 28 stack frames]]>
    </failure>
  </testcase> <!-- minPrice -->
</testsuite> <!-- AllTests -->
