<?xml version="1.0" encoding="UTF-8"?>
<!-- Generated by org.testng.reporters.JUnitXMLReporter -->
<testsuite ignored="0" hostname="HF1B042" failures="0" tests="3" name="Test" time="33.381" errors="0" timestamp="2021-07-07T14:59:40 IST">
  <testcase classname="testNG_Practice.Make_My_Trip" name="fill_details" time="15.148"/>
  <testcase classname="testNG_Practice.Make_My_Trip" name="estimation" time="0.238"/>
  <testcase classname="testNG_Practice.Make_My_Trip" name="low_price" time="0.005"/>
</testsuite> <!-- Test -->
