<?xml version="1.0" encoding="UTF-8"?>
<!-- Generated by org.testng.reporters.JUnitXMLReporter -->
<testsuite hostname="HF1B042" failures="0" tests="3" name="Search Product" time="31.268" errors="0" timestamp="30 Jul 2021 08:28:08 GMT">
  <testcase classname="AamazonMaven.Amazon_Maven.SearchProduct" name="searchProduct" time="17.426"/>
  <testcase classname="AamazonMaven.Amazon_Maven.SearchProduct" name="getPrice" time="2.868"/>
  <testcase classname="AamazonMaven.Amazon_Maven.SearchProduct" name="minPrice" time="0.001"/>
</testsuite> <!-- Search Product -->
