<?xml version="1.0" encoding="UTF-8"?>
<testng-results ignored="0" total="7" passed="7" failed="0" skipped="0">
  <reporter-output>
  </reporter-output>
  <suite started-at="2021-07-07T16:25:00 IST" name="Default suite" finished-at="2021-07-07T16:25:46 IST" duration-ms="45974">
    <groups>
    </groups>
    <test started-at="2021-07-07T16:25:00 IST" name="Default test" finished-at="2021-07-07T16:25:46 IST" duration-ms="45974">
      <class name="tests.Test_1">
        <test-method is-config="true" signature="setups()[pri:0, instance:tests.Test_1@12bfd80d]" started-at="2021-07-07T16:25:00 IST" name="setups" finished-at="2021-07-07T16:25:15 IST" duration-ms="15400" status="PASS">
          <reporter-output>
          </reporter-output>
        </test-method> <!-- setups -->
        <test-method signature="ClosePopup()[pri:1, instance:tests.Test_1@12bfd80d]" started-at="2021-07-07T16:25:15 IST" name="ClosePopup" finished-at="2021-07-07T16:25:16 IST" duration-ms="339" status="PASS">
          <reporter-output>
          </reporter-output>
        </test-method> <!-- ClosePopup -->
        <test-method signature="SearchProduct()[pri:2, instance:tests.Test_1@12bfd80d]" started-at="2021-07-07T16:25:16 IST" name="SearchProduct" finished-at="2021-07-07T16:25:22 IST" duration-ms="6315" status="PASS">
          <reporter-output>
          </reporter-output>
        </test-method> <!-- SearchProduct -->
        <test-method signature="getPrices()[pri:3, instance:tests.Test_1@12bfd80d]" started-at="2021-07-07T16:25:22 IST" name="getPrices" finished-at="2021-07-07T16:25:23 IST" duration-ms="982" status="PASS">
          <reporter-output>
          </reporter-output>
        </test-method> <!-- getPrices -->
        <test-method signature="lowestPrice()[pri:4, instance:tests.Test_1@12bfd80d]" started-at="2021-07-07T16:25:23 IST" name="lowestPrice" finished-at="2021-07-07T16:25:23 IST" duration-ms="2" status="PASS">
          <reporter-output>
          </reporter-output>
        </test-method> <!-- lowestPrice -->
        <test-method signature="changeLanguage()[pri:5, instance:tests.Test_1@12bfd80d]" started-at="2021-07-07T16:25:23 IST" name="changeLanguage" finished-at="2021-07-07T16:25:32 IST" duration-ms="9018" status="PASS">
          <reporter-output>
          </reporter-output>
        </test-method> <!-- changeLanguage -->
        <test-method signature="setDefaultLanguage()[pri:6, instance:tests.Test_1@12bfd80d]" started-at="2021-07-07T16:25:32 IST" name="setDefaultLanguage" finished-at="2021-07-07T16:25:40 IST" duration-ms="7657" status="PASS">
          <reporter-output>
          </reporter-output>
        </test-method> <!-- setDefaultLanguage -->
        <test-method signature="signup()[pri:7, instance:tests.Test_1@12bfd80d]" started-at="2021-07-07T16:25:40 IST" name="signup" finished-at="2021-07-07T16:25:45 IST" duration-ms="5044" status="PASS">
          <reporter-output>
          </reporter-output>
        </test-method> <!-- signup -->
        <test-method is-config="true" signature="finalizer()[pri:0, instance:tests.Test_1@12bfd80d]" started-at="2021-07-07T16:25:45 IST" name="finalizer" finished-at="2021-07-07T16:25:46 IST" duration-ms="1130" status="PASS">
          <reporter-output>
          </reporter-output>
        </test-method> <!-- finalizer -->
      </class> <!-- tests.Test_1 -->
    </test> <!-- Default test -->
  </suite> <!-- Default suite -->
</testng-results>
