<?xml version="1.0" encoding="UTF-8"?>
<!-- Generated by org.testng.reporters.JUnitXMLReporter -->
<testsuite ignored="0" hostname="HF1B042" failures="0" tests="3" name="Default test" time="36.515" errors="0" timestamp="2021-07-07T17:56:05 IST">
  <testcase classname="testNG_Practice.Make_My_Trip" name="fill_details" time="17.135"/>
  <testcase classname="testNG_Practice.Make_My_Trip" name="estimation" time="0.249"/>
  <testcase classname="testNG_Practice.Make_My_Trip" name="low_price" time="0.002"/>
</testsuite> <!-- Default test -->
