<?xml version="1.0" encoding="UTF-8"?>
<testng-results total="5" passed="4" failed="1" skipped="0">
  <reporter-output>
  </reporter-output>
  <suite started-at="2021-07-30T08:27:37Z" name="Suite" finished-at="2021-07-30T08:28:08Z" duration-ms="31268">
    <groups>
    </groups>
    <test started-at="2021-07-30T08:27:37Z" name="SignUp" finished-at="2021-07-30T08:28:07Z" duration-ms="30259">
      <class name="AamazonMaven.Amazon_Maven.HomePage">
        <test-method is-config="true" signature="initialize()[pri:0, instance:AamazonMaven.Amazon_Maven.HomePage@f79a760]" started-at="2021-07-30T13:57:37Z" name="initialize" finished-at="2021-07-30T13:57:46Z" duration-ms="9213" status="PASS">
          <reporter-output>
          </reporter-output>
        </test-method> <!-- initialize -->
        <test-method signature="signUp()[pri:0, instance:AamazonMaven.Amazon_Maven.HomePage@f79a760]" started-at="2021-07-30T13:57:46Z" name="signUp" finished-at="2021-07-30T13:58:06Z" duration-ms="19378" status="PASS">
          <reporter-output>
          </reporter-output>
        </test-method> <!-- signUp -->
        <test-method is-config="true" signature="finalizer()[pri:0, instance:AamazonMaven.Amazon_Maven.HomePage@f79a760]" started-at="2021-07-30T13:58:06Z" name="finalizer" finished-at="2021-07-30T13:58:07Z" duration-ms="1665" status="PASS">
          <reporter-output>
          </reporter-output>
        </test-method> <!-- finalizer -->
      </class> <!-- AamazonMaven.Amazon_Maven.HomePage -->
    </test> <!-- SignUp -->
    <test started-at="2021-07-30T08:27:37Z" name="Change language" finished-at="2021-07-30T08:28:08Z" duration-ms="30853">
      <class name="AamazonMaven.Amazon_Maven.LanguageTest">
        <test-method is-config="true" signature="initialization()[pri:0, instance:AamazonMaven.Amazon_Maven.LanguageTest@1bb1fde8]" started-at="2021-07-30T13:57:37Z" name="initialization" finished-at="2021-07-30T13:57:42Z" duration-ms="4566" status="PASS">
          <reporter-output>
          </reporter-output>
        </test-method> <!-- initialization -->
        <test-method signature="changeLanguage()[pri:0, instance:AamazonMaven.Amazon_Maven.LanguageTest@1bb1fde8]" started-at="2021-07-30T13:57:42Z" name="changeLanguage" finished-at="2021-07-30T13:57:59Z" duration-ms="17302" status="FAIL">
          <exception class="org.openqa.selenium.NoSuchElementException">
            <message>
              <![CDATA[no such element: Unable to locate element: {"method":"css selector","selector":"#\31 "}
  (Session info: chrome=91.0.4472.114)
For documentation on this error, please visit: https://www.seleniumhq.org/exceptions/no_such_element.html
Build info: version: '3.141.59', revision: 'e82be7d358', time: '2018-11-14T08:17:03'
System info: host: 'HF1B042', ip: '192.168.43.17', os.name: 'Windows 10', os.arch: 'amd64', os.version: '10.0', java.version: '16.0.1'
Driver info: org.openqa.selenium.chrome.ChromeDriver
Capabilities {acceptInsecureCerts: false, browserName: chrome, browserVersion: 91.0.4472.114, chrome: {chromedriverVersion: 91.0.4472.101 (af52a90bf870..., userDataDir: C:\Users\112208\AppData\Loc...}, goog:chromeOptions: {debuggerAddress: localhost:61670}, javascriptEnabled: true, networkConnectionEnabled: false, pageLoadStrategy: normal, platform: WINDOWS, platformName: WINDOWS, proxy: Proxy(), setWindowRect: true, strictFileInteractability: false, timeouts: {implicit: 0, pageLoad: 300000, script: 30000}, unhandledPromptBehavior: dismiss and notify, webauthn:extension:largeBlob: true, webauthn:virtualAuthenticators: true}
Session ID: 35dcf299d07c6a95fd26622dcd8ca136
*** Element info: {Using=id, value=1}]]>
            </message>
            <full-stacktrace>
              <![CDATA[org.openqa.selenium.NoSuchElementException: no such element: Unable to locate element: {"method":"css selector","selector":"#\31 "}
  (Session info: chrome=91.0.4472.114)
For documentation on this error, please visit: https://www.seleniumhq.org/exceptions/no_such_element.html
Build info: version: '3.141.59', revision: 'e82be7d358', time: '2018-11-14T08:17:03'
System info: host: 'HF1B042', ip: '192.168.43.17', os.name: 'Windows 10', os.arch: 'amd64', os.version: '10.0', java.version: '16.0.1'
Driver info: org.openqa.selenium.chrome.ChromeDriver
Capabilities {acceptInsecureCerts: false, browserName: chrome, browserVersion: 91.0.4472.114, chrome: {chromedriverVersion: 91.0.4472.101 (af52a90bf870..., userDataDir: C:\Users\112208\AppData\Loc...}, goog:chromeOptions: {debuggerAddress: localhost:61670}, javascriptEnabled: true, networkConnectionEnabled: false, pageLoadStrategy: normal, platform: WINDOWS, platformName: WINDOWS, proxy: Proxy(), setWindowRect: true, strictFileInteractability: false, timeouts: {implicit: 0, pageLoad: 300000, script: 30000}, unhandledPromptBehavior: dismiss and notify, webauthn:extension:largeBlob: true, webauthn:virtualAuthenticators: true}
Session ID: 35dcf299d07c6a95fd26622dcd8ca136
*** Element info: {Using=id, value=1}
	at java.base/jdk.internal.reflect.NativeConstructorAccessorImpl.newInstance0(Native Method)
	at java.base/jdk.internal.reflect.NativeConstructorAccessorImpl.newInstance(NativeConstructorAccessorImpl.java:78)
	at java.base/jdk.internal.reflect.DelegatingConstructorAccessorImpl.newInstance(DelegatingConstructorAccessorImpl.java:45)
	at java.base/java.lang.reflect.Constructor.newInstanceWithCaller(Constructor.java:499)
	at java.base/java.lang.reflect.Constructor.newInstance(Constructor.java:480)
	at org.openqa.selenium.remote.http.W3CHttpResponseCodec.createException(W3CHttpResponseCodec.java:187)
	at org.openqa.selenium.remote.http.W3CHttpResponseCodec.decode(W3CHttpResponseCodec.java:122)
	at org.openqa.selenium.remote.http.W3CHttpResponseCodec.decode(W3CHttpResponseCodec.java:49)
	at org.openqa.selenium.remote.HttpCommandExecutor.execute(HttpCommandExecutor.java:158)
	at org.openqa.selenium.remote.service.DriverCommandExecutor.execute(DriverCommandExecutor.java:83)
	at org.openqa.selenium.remote.RemoteWebDriver.execute(RemoteWebDriver.java:552)
	at org.openqa.selenium.remote.RemoteWebDriver.findElement(RemoteWebDriver.java:323)
	at org.openqa.selenium.remote.RemoteWebDriver.findElementById(RemoteWebDriver.java:372)
	at org.openqa.selenium.By$ById.findElement(By.java:188)
	at org.openqa.selenium.remote.RemoteWebDriver.findElement(RemoteWebDriver.java:315)
	at support_methods.SupportMethods.find_Element(SupportMethods.java:66)
	at support_methods.DriverMethods.performAction(DriverMethods.java:64)
	at AamazonMaven.Amazon_Maven.Home_page.changeLanguage(Home_page.java:41)
	at AamazonMaven.Amazon_Maven.LanguageTest.changeLanguage(LanguageTest.java:36)
	at java.base/jdk.internal.reflect.NativeMethodAccessorImpl.invoke0(Native Method)
	at java.base/jdk.internal.reflect.NativeMethodAccessorImpl.invoke(NativeMethodAccessorImpl.java:78)
	at java.base/jdk.internal.reflect.DelegatingMethodAccessorImpl.invoke(DelegatingMethodAccessorImpl.java:43)
	at java.base/java.lang.reflect.Method.invoke(Method.java:567)
	at org.testng.internal.MethodInvocationHelper.invokeMethod(MethodInvocationHelper.java:85)
	at org.testng.internal.Invoker.invokeMethod(Invoker.java:639)
	at org.testng.internal.Invoker.invokeTestMethod(Invoker.java:816)
	at org.testng.internal.Invoker.invokeTestMethods(Invoker.java:1124)
	at org.testng.internal.TestMethodWorker.invokeTestMethods(TestMethodWorker.java:125)
	at org.testng.internal.TestMethodWorker.run(TestMethodWorker.java:108)
	at org.testng.TestRunner.privateRun(TestRunner.java:774)
	at org.testng.TestRunner.run(TestRunner.java:624)
	at org.testng.SuiteRunner.runTest(SuiteRunner.java:359)
	at org.testng.SuiteRunner.access$000(SuiteRunner.java:39)
	at org.testng.SuiteRunner$SuiteWorker.run(SuiteRunner.java:393)
	at org.testng.internal.thread.ThreadUtil$2.call(ThreadUtil.java:64)
	at java.base/java.util.concurrent.FutureTask.run(FutureTask.java:264)
	at java.base/java.util.concurrent.ThreadPoolExecutor.runWorker(ThreadPoolExecutor.java:1130)
	at java.base/java.util.concurrent.ThreadPoolExecutor$Worker.run(ThreadPoolExecutor.java:630)
	at java.base/java.lang.Thread.run(Thread.java:831)
]]>
            </full-stacktrace>
          </exception> <!-- org.openqa.selenium.NoSuchElementException -->
          <reporter-output>
          </reporter-output>
        </test-method> <!-- changeLanguage -->
        <test-method is-config="true" signature="finalizer()[pri:0, instance:AamazonMaven.Amazon_Maven.LanguageTest@1bb1fde8]" started-at="2021-07-30T13:58:06Z" name="finalizer" finished-at="2021-07-30T13:58:08Z" duration-ms="2070" status="PASS">
          <reporter-output>
          </reporter-output>
        </test-method> <!-- finalizer -->
      </class> <!-- AamazonMaven.Amazon_Maven.LanguageTest -->
    </test> <!-- Change language -->
    <test started-at="2021-07-30T08:27:37Z" name="Search Product" finished-at="2021-07-30T08:28:08Z" duration-ms="31268">
      <class name="AamazonMaven.Amazon_Maven.SearchProduct">
        <test-method is-config="true" signature="initialize()[pri:0, instance:AamazonMaven.Amazon_Maven.SearchProduct@6bb75258]" started-at="2021-07-30T13:57:37Z" name="initialize" finished-at="2021-07-30T13:57:42Z" duration-ms="4503" status="PASS">
          <reporter-output>
          </reporter-output>
        </test-method> <!-- initialize -->
        <test-method signature="searchProduct()[pri:1, instance:AamazonMaven.Amazon_Maven.SearchProduct@6bb75258]" started-at="2021-07-30T13:57:42Z" name="searchProduct" finished-at="2021-07-30T13:57:59Z" duration-ms="17426" status="PASS">
          <reporter-output>
          </reporter-output>
        </test-method> <!-- searchProduct -->
        <test-method signature="getPrice()[pri:2, instance:AamazonMaven.Amazon_Maven.SearchProduct@6bb75258]" started-at="2021-07-30T13:57:59Z" name="getPrice" finished-at="2021-07-30T13:58:02Z" duration-ms="2868" status="PASS">
          <reporter-output>
          </reporter-output>
        </test-method> <!-- getPrice -->
        <test-method signature="minPrice()[pri:3, instance:AamazonMaven.Amazon_Maven.SearchProduct@6bb75258]" started-at="2021-07-30T13:58:02Z" name="minPrice" finished-at="2021-07-30T13:58:02Z" duration-ms="1" status="PASS">
          <reporter-output>
          </reporter-output>
        </test-method> <!-- minPrice -->
        <test-method is-config="true" signature="finalizer()[pri:0, instance:AamazonMaven.Amazon_Maven.SearchProduct@6bb75258]" started-at="2021-07-30T13:58:02Z" name="finalizer" finished-at="2021-07-30T13:58:08Z" duration-ms="6309" status="PASS">
          <reporter-output>
          </reporter-output>
        </test-method> <!-- finalizer -->
      </class> <!-- AamazonMaven.Amazon_Maven.SearchProduct -->
    </test> <!-- Search Product -->
  </suite> <!-- Suite -->
</testng-results>
