<?xml version="1.0" encoding="UTF-8"?>
<testsuite xmlns:xsi="http://www.w3.org/2001/XMLSchema-instance" xsi:noNamespaceSchemaLocation="https://maven.apache.org/surefire/maven-surefire-plugin/xsd/surefire-test-report-3.0.xsd" version="3.0" name="TestSuite" time="36.582" tests="5" errors="0" skipped="0" failures="1">
  <properties>
[...]
</properties>
  <testcase name="changeLanguage" classname="AamazonMaven.Amazon_Maven.LanguageTest" time="12.098">
    <failure message="no such element: Unable to locate element: {&quot;method&quot;:&quot;css selector&quot;,&quot;selector&quot;:&quot;#\31 &quot;}&#10;  (Session info: chrome=91.0.4472.114)&#10;For documentation on this error, please visit: https://www.seleniumhq.org/exceptions/no_such_element.html&#10;Build info: version: &apos;3.141.59&apos;, revision: &apos;e82be7d358&apos;, time: &apos;2018-11-14T08:17:03&apos;&#10;System info: host: &apos;HF1B042&apos;, ip: &apos;192.168.43.17&apos;, os.name: &apos;Windows 10&apos;, os.arch: &apos;amd64&apos;, os.version: &apos;10.0&apos;, java.version: &apos;16.0.1&apos;&#10;Driver info: org.openqa.selenium.chrome.ChromeDriver&#10;Capabilities {acceptInsecureCerts: false, browserName: chrome, browserVersion: 91.0.4472.114, chrome: {chromedriverVersion: 91.0.4472.101 (af52a90bf870..., userDataDir: C:\Users\112208\AppData\Loc...}, goog:chromeOptions: {debuggerAddress: localhost:61670}, javascriptEnabled: true, networkConnectionEnabled: false, pageLoadStrategy: normal, platform: WINDOWS, platformName: WINDOWS, proxy: Proxy(), setWindowRect: true, strictFileInteractability: false, timeouts: {implicit: 0, pageLoad: 300000, script: 30000}, unhandledPromptBehavior: dismiss and notify, webauthn:extension:largeBlob: true, webauthn:virtualAuthenticators: true}&#10;Session ID: 35dcf299d07c6a95fd26622dcd8ca136&#10;*** Element info: {Using=id, value=1}" type="org.openqa.selenium.NoSuchElementException"><![CDATA[org.openqa.selenium.NoSuchElementException: 
no such element: Unable to locate element: {"method":"css selector","selector":"#\31 "}
  (Session info: chrome=91.0.4472.114)
For documentation on this error, please visit: https://www.seleniumhq.org/exceptions/no_such_element.html
Build info: version: '3.141.59', revision: 'e82be7d358', time: '2018-11-14T08:17:03'
System info: host: 'HF1B042', ip: '192.168.43.17', os.name: 'Windows 10', os.arch: 'amd64', os.version: '10.0', java.version: '16.0.1'
Driver info: org.openqa.selenium.chrome.ChromeDriver
Capabilities {acceptInsecureCerts: false, browserName: chrome, browserVersion: 91.0.4472.114, chrome: {chromedriverVersion: 91.0.4472.101 (af52a90bf870..., userDataDir: C:\Users\112208\AppData\Loc...}, goog:chromeOptions: {debuggerAddress: localhost:61670}, javascriptEnabled: true, networkConnectionEnabled: false, pageLoadStrategy: normal, platform: WINDOWS, platformName: WINDOWS, proxy: Proxy(), setWindowRect: true, strictFileInteractability: false, timeouts: {implicit: 0, pageLoad: 300000, script: 30000}, unhandledPromptBehavior: dismiss and notify, webauthn:extension:largeBlob: true, webauthn:virtualAuthenticators: true}
Session ID: 35dcf299d07c6a95fd26622dcd8ca136
*** Element info: {Using=id, value=1}
	at AamazonMaven.Amazon_Maven.LanguageTest.changeLanguage(LanguageTest.java:36)
]]></failure>
    <system-err><![CDATA[Starting ChromeDriver 91.0.4472.101 (af52a90bf87030dd1523486a1cd3ae25c5d76c9b-refs/braSntacrht-ihnge Charodms/e4D47r2i@{v#e14r 6921}). 0o.n4 4p72o.rt1 011 36(a6f252
aOn90lby f8l7oc03al0d dc1o5nn2e3c4t86ioan1csd a3raee 25alc5lod7w6edc.9b
-rPelfesa/bsrea ncshe-eh eahdts/t4p47s2:@{/#/1c46h2r})o moen dproirvte r3.c89h3r7om
iOunml.oyr lg/osceacl urciontnye-ccotinosindse araret iaonllso wfor esdu.g
gePlsetiaosen ss eone  hkteetppisn:/g /cChhrroommeedDrivreirv esra.fceh.r
omium.org/security-considerations for suggestions on keeping ChromeDriver safe.
StaCrhrtoimnegD Crhirvoemre Dwraisv esrt ar9t1e.0d. 4s4u7c2c.e1s0s1f (ulafl5y2.a
90bf87030dd1523486a1cd3ae25c5d76c9b-refs/branch-heads/4472@{#1462}) on port 16379
Only local connections are allowed.
Please see https://chromedriver.chromium.org/security-considerations for suggestions on keeping ChromeDriver safe.
ChromeDriver was started successfully.
ChromeDriver was started successfully.
Jul 30, 2021 1:57:40 PM org.openqa.selenium.remote.ProtocolHandshake createSession
INFO: Detected dialect: W3C
Jul 30, 2021 1:57:41 PM org.openqa.selenium.remote.ProtocolHandshake createSession
INFO: Detected dialect: W3C
Jul 30, 2021 1:57:46 PM org.openqa.selenium.remote.ProtocolHandshake createSession
INFO: Detected dialect: W3C
]]></system-err>
  </testcase>
  <testcase name="searchProduct" classname="AamazonMaven.Amazon_Maven.SearchProduct" time="12.158"/>
  <testcase name="getPrice" classname="AamazonMaven.Amazon_Maven.SearchProduct" time="2.868"/>
  <testcase name="minPrice" classname="AamazonMaven.Amazon_Maven.SearchProduct" time="0"/>
  <testcase name="signUp" classname="AamazonMaven.Amazon_Maven.HomePage" time="3.74"/>
</testsuite>