<?xml version="1.0" encoding="UTF-8"?>
<testng-results ignored="0" total="5" passed="4" failed="1" skipped="0">
  <reporter-output>
  </reporter-output>
  <suite started-at="2021-07-30T13:55:59 IST" name="Suite" finished-at="2021-07-30T13:56:33 IST" duration-ms="33675">
    <groups>
    </groups>
    <test started-at="2021-07-30T13:55:59 IST" name="Change language" finished-at="2021-07-30T13:56:31 IST" duration-ms="31935">
      <class name="AamazonMaven.Amazon_Maven.LanguageTest">
        <test-method is-config="true" signature="initialization()[pri:0, instance:AamazonMaven.Amazon_Maven.LanguageTest@83298d7]" started-at="2021-07-30T13:55:59 IST" name="initialization" finished-at="2021-07-30T13:56:12 IST" duration-ms="12535" status="PASS">
          <reporter-output>
          </reporter-output>
        </test-method> <!-- initialization -->
        <test-method signature="changeLanguage()[pri:0, instance:AamazonMaven.Amazon_Maven.LanguageTest@83298d7]" started-at="2021-07-30T13:56:12 IST" name="changeLanguage" finished-at="2021-07-30T13:56:23 IST" duration-ms="11354" status="FAIL">
          <exception class="org.openqa.selenium.NoSuchElementException">
            <message>
              <![CDATA[no such element: Unable to locate element: {"method":"css selector","selector":"#\31 "}
  (Session info: chrome=91.0.4472.114)
For documentation on this error, please visit: https://www.seleniumhq.org/exceptions/no_such_element.html
Build info: version: '3.141.59', revision: 'e82be7d358', time: '2018-11-14T08:25:48'
System info: host: 'HF1B042', ip: '192.168.43.17', os.name: 'Windows 10', os.arch: 'amd64', os.version: '10.0', java.version: '16.0.1'
Driver info: org.openqa.selenium.chrome.ChromeDriver
Capabilities {acceptInsecureCerts: false, browserName: chrome, browserVersion: 91.0.4472.114, chrome: {chromedriverVersion: 91.0.4472.101 (af52a90bf870..., userDataDir: C:\Users\112208\AppData\Loc...}, goog:chromeOptions: {debuggerAddress: localhost:60555}, javascriptEnabled: true, networkConnectionEnabled: false, pageLoadStrategy: normal, platform: WINDOWS, platformName: WINDOWS, proxy: Proxy(), setWindowRect: true, strictFileInteractability: false, timeouts: {implicit: 0, pageLoad: 300000, script: 30000}, unhandledPromptBehavior: dismiss and notify, webauthn:extension:largeBlob: true, webauthn:virtualAuthenticators: true}
Session ID: 9783238b197069050a746d7ad7969ca3
*** Element info: {Using=id, value=1}]]>
            </message>
            <full-stacktrace>
              <![CDATA[org.openqa.selenium.NoSuchElementException: no such element: Unable to locate element: {"method":"css selector","selector":"#\31 "}
  (Session info: chrome=91.0.4472.114)
For documentation on this error, please visit: https://www.seleniumhq.org/exceptions/no_such_element.html
Build info: version: '3.141.59', revision: 'e82be7d358', time: '2018-11-14T08:25:48'
System info: host: 'HF1B042', ip: '192.168.43.17', os.name: 'Windows 10', os.arch: 'amd64', os.version: '10.0', java.version: '16.0.1'
Driver info: org.openqa.selenium.chrome.ChromeDriver
Capabilities {acceptInsecureCerts: false, browserName: chrome, browserVersion: 91.0.4472.114, chrome: {chromedriverVersion: 91.0.4472.101 (af52a90bf870..., userDataDir: C:\Users\112208\AppData\Loc...}, goog:chromeOptions: {debuggerAddress: localhost:60555}, javascriptEnabled: true, networkConnectionEnabled: false, pageLoadStrategy: normal, platform: WINDOWS, platformName: WINDOWS, proxy: Proxy(), setWindowRect: true, strictFileInteractability: false, timeouts: {implicit: 0, pageLoad: 300000, script: 30000}, unhandledPromptBehavior: dismiss and notify, webauthn:extension:largeBlob: true, webauthn:virtualAuthenticators: true}
Session ID: 9783238b197069050a746d7ad7969ca3
*** Element info: {Using=id, value=1}
at java.base/jdk.internal.reflect.NativeConstructorAccessorImpl.newInstance0(Native Method)
at java.base/jdk.internal.reflect.NativeConstructorAccessorImpl.newInstance(NativeConstructorAccessorImpl.java:78)
at java.base/jdk.internal.reflect.DelegatingConstructorAccessorImpl.newInstance(DelegatingConstructorAccessorImpl.java:45)
at java.base/java.lang.reflect.Constructor.newInstanceWithCaller(Constructor.java:499)
at java.base/java.lang.reflect.Constructor.newInstance(Constructor.java:480)
at org.openqa.selenium.remote.http.W3CHttpResponseCodec.createException(W3CHttpResponseCodec.java:187)
at org.openqa.selenium.remote.http.W3CHttpResponseCodec.decode(W3CHttpResponseCodec.java:122)
at org.openqa.selenium.remote.http.W3CHttpResponseCodec.decode(W3CHttpResponseCodec.java:49)
at org.openqa.selenium.remote.HttpCommandExecutor.execute(HttpCommandExecutor.java:158)
at org.openqa.selenium.remote.service.DriverCommandExecutor.execute(DriverCommandExecutor.java:83)
at org.openqa.selenium.remote.RemoteWebDriver.execute(RemoteWebDriver.java:552)
at org.openqa.selenium.remote.RemoteWebDriver.findElement(RemoteWebDriver.java:323)
at org.openqa.selenium.remote.RemoteWebDriver.findElementById(RemoteWebDriver.java:372)
at org.openqa.selenium.By$ById.findElement(By.java:188)
at org.openqa.selenium.remote.RemoteWebDriver.findElement(RemoteWebDriver.java:315)
at support_methods.SupportMethods.find_Element(SupportMethods.java:66)
at support_methods.DriverMethods.performAction(DriverMethods.java:64)
at AamazonMaven.Amazon_Maven.Home_page.changeLanguage(Home_page.java:41)
at AamazonMaven.Amazon_Maven.LanguageTest.changeLanguage(LanguageTest.java:36)
at java.base/jdk.internal.reflect.NativeMethodAccessorImpl.invoke0(Native Method)
at java.base/jdk.internal.reflect.NativeMethodAccessorImpl.invoke(NativeMethodAccessorImpl.java:78)
at java.base/jdk.internal.reflect.DelegatingMethodAccessorImpl.invoke(DelegatingMethodAccessorImpl.java:43)
at java.base/java.lang.reflect.Method.invoke(Method.java:567)
at org.testng.internal.MethodInvocationHelper.invokeMethod(MethodInvocationHelper.java:133)
at org.testng.internal.TestInvoker.invokeMethod(TestInvoker.java:598)
at org.testng.internal.TestInvoker.invokeTestMethod(TestInvoker.java:173)
at org.testng.internal.MethodRunner.runInSequence(MethodRunner.java:46)
at org.testng.internal.TestInvoker$MethodInvocationAgent.invoke(TestInvoker.java:824)
at org.testng.internal.TestInvoker.invokeTestMethods(TestInvoker.java:146)
at org.testng.internal.TestMethodWorker.invokeTestMethods(TestMethodWorker.java:146)
at org.testng.internal.TestMethodWorker.run(TestMethodWorker.java:128)
at java.base/java.util.ArrayList.forEach(ArrayList.java:1511)
at org.testng.TestRunner.privateRun(TestRunner.java:794)
at org.testng.TestRunner.run(TestRunner.java:596)
at org.testng.SuiteRunner.runTest(SuiteRunner.java:377)
at org.testng.SuiteRunner.access$000(SuiteRunner.java:28)
at org.testng.SuiteRunner$SuiteWorker.run(SuiteRunner.java:418)
at org.testng.internal.thread.ThreadUtil.lambda$execute$0(ThreadUtil.java:64)
at java.base/java.util.concurrent.FutureTask.run(FutureTask.java:264)
at java.base/java.util.concurrent.ThreadPoolExecutor.runWorker(ThreadPoolExecutor.java:1130)
at java.base/java.util.concurrent.ThreadPoolExecutor$Worker.run(ThreadPoolExecutor.java:630)
at java.base/java.lang.Thread.run(Thread.java:831)
]]>
            </full-stacktrace>
          </exception> <!-- org.openqa.selenium.NoSuchElementException -->
          <reporter-output>
          </reporter-output>
        </test-method> <!-- changeLanguage -->
        <test-method is-config="true" signature="finalizer()[pri:0, instance:AamazonMaven.Amazon_Maven.LanguageTest@83298d7]" started-at="2021-07-30T13:56:23 IST" name="finalizer" finished-at="2021-07-30T13:56:31 IST" duration-ms="7654" status="PASS">
          <reporter-output>
          </reporter-output>
        </test-method> <!-- finalizer -->
      </class> <!-- AamazonMaven.Amazon_Maven.LanguageTest -->
    </test> <!-- Change language -->
    <test started-at="2021-07-30T13:55:59 IST" name="Search Product" finished-at="2021-07-30T13:56:32 IST" duration-ms="33151">
      <class name="AamazonMaven.Amazon_Maven.SearchProduct">
        <test-method is-config="true" signature="initialize()[pri:0, instance:AamazonMaven.Amazon_Maven.SearchProduct@2692b61e]" started-at="2021-07-30T13:55:59 IST" name="initialize" finished-at="2021-07-30T13:56:07 IST" duration-ms="8320" status="PASS">
          <reporter-output>
          </reporter-output>
        </test-method> <!-- initialize -->
        <test-method signature="searchProduct()[pri:1, instance:AamazonMaven.Amazon_Maven.SearchProduct@2692b61e]" started-at="2021-07-30T13:56:07 IST" name="searchProduct" finished-at="2021-07-30T13:56:28 IST" duration-ms="20484" status="PASS">
          <reporter-output>
          </reporter-output>
        </test-method> <!-- searchProduct -->
        <test-method signature="getPrice()[pri:2, instance:AamazonMaven.Amazon_Maven.SearchProduct@2692b61e]" started-at="2021-07-30T13:56:28 IST" name="getPrice" finished-at="2021-07-30T13:56:29 IST" duration-ms="1248" status="PASS">
          <reporter-output>
          </reporter-output>
        </test-method> <!-- getPrice -->
        <test-method signature="minPrice()[pri:3, instance:AamazonMaven.Amazon_Maven.SearchProduct@2692b61e]" started-at="2021-07-30T13:56:29 IST" name="minPrice" finished-at="2021-07-30T13:56:29 IST" duration-ms="2" status="PASS">
          <reporter-output>
          </reporter-output>
        </test-method> <!-- minPrice -->
        <test-method is-config="true" signature="finalizer()[pri:0, instance:AamazonMaven.Amazon_Maven.SearchProduct@2692b61e]" started-at="2021-07-30T13:56:29 IST" name="finalizer" finished-at="2021-07-30T13:56:32 IST" duration-ms="3034" status="PASS">
          <reporter-output>
          </reporter-output>
        </test-method> <!-- finalizer -->
      </class> <!-- AamazonMaven.Amazon_Maven.SearchProduct -->
    </test> <!-- Search Product -->
    <test started-at="2021-07-30T13:55:59 IST" name="SignUp" finished-at="2021-07-30T13:56:33 IST" duration-ms="33675">
      <class name="AamazonMaven.Amazon_Maven.HomePage">
        <test-method is-config="true" signature="initialize()[pri:0, instance:AamazonMaven.Amazon_Maven.HomePage@2783717b]" started-at="2021-07-30T13:55:59 IST" name="initialize" finished-at="2021-07-30T13:56:07 IST" duration-ms="8251" status="PASS">
          <reporter-output>
          </reporter-output>
        </test-method> <!-- initialize -->
        <test-method signature="signUp()[pri:0, instance:AamazonMaven.Amazon_Maven.HomePage@2783717b]" started-at="2021-07-30T13:56:07 IST" name="signUp" finished-at="2021-07-30T13:56:27 IST" duration-ms="19580" status="PASS">
          <reporter-output>
          </reporter-output>
        </test-method> <!-- signUp -->
        <test-method is-config="true" signature="finalizer()[pri:0, instance:AamazonMaven.Amazon_Maven.HomePage@2783717b]" started-at="2021-07-30T13:56:27 IST" name="finalizer" finished-at="2021-07-30T13:56:33 IST" duration-ms="5734" status="PASS">
          <reporter-output>
          </reporter-output>
        </test-method> <!-- finalizer -->
      </class> <!-- AamazonMaven.Amazon_Maven.HomePage -->
    </test> <!-- SignUp -->
  </suite> <!-- Suite -->
</testng-results>
