<?xml version="1.0" encoding="UTF-8"?>
<testng-results ignored="0" total="1" passed="1" failed="0" skipped="0">
  <reporter-output>
  </reporter-output>
  <suite started-at="2021-08-06T10:40:32 IST" name="Default suite" finished-at="2021-08-06T10:40:38 IST" duration-ms="5716">
    <groups>
    </groups>
    <test started-at="2021-08-06T10:40:32 IST" name="Default test" finished-at="2021-08-06T10:40:38 IST" duration-ms="5716">
      <class name="com.amazon.testcases.HomePage">
        <test-method signature="signUp()[pri:0, instance:com.amazon.testcases.HomePage@6892cc6f]" started-at="2021-08-06T10:40:33 IST" name="signUp" finished-at="2021-08-06T10:40:38 IST" duration-ms="5379" status="PASS">
          <reporter-output>
          </reporter-output>
        </test-method> <!-- signUp -->
        <test-method is-config="true" signature="tearDown()[pri:0, instance:com.amazon.testcases.HomePage@6892cc6f]" started-at="2021-08-06T10:40:38 IST" name="tearDown" finished-at="2021-08-06T10:40:38 IST" duration-ms="2" status="PASS">
          <reporter-output>
          </reporter-output>
        </test-method> <!-- tearDown -->
      </class> <!-- com.amazon.testcases.HomePage -->
    </test> <!-- Default test -->
  </suite> <!-- Default suite -->
</testng-results>
